[2020-11-15T11:08:11.146] [DEBUG] cheese - login => username:root,password:xiaobaicai12581
[2020-11-15T11:08:11.148] [DEBUG] cheese - root
[2020-11-15T11:08:11.166] [DEBUG] cheese - null
[2020-11-15T11:08:11.168] [DEBUG] cheese - null
[2020-11-15T11:08:44.936] [DEBUG] cheese - login => username:123,password:123123
[2020-11-15T11:08:44.937] [DEBUG] cheese - 123
[2020-11-15T11:08:44.954] [DEBUG] cheese - null
[2020-11-15T11:08:44.954] [DEBUG] cheese - null
[2020-11-15T11:08:55.512] [DEBUG] cheese - login => username:123,password:123123
[2020-11-15T11:08:55.512] [DEBUG] cheese - 123
[2020-11-15T11:08:55.515] [DEBUG] cheese - null
[2020-11-15T11:08:55.516] [DEBUG] cheese - null
[2020-11-15T11:41:39.770] [DEBUG] cheese - login => username:123,password:123123
[2020-11-15T11:41:39.776] [DEBUG] cheese - 123
[2020-11-15T11:41:39.867] [DEBUG] cheese - null
[2020-11-15T11:41:39.869] [DEBUG] cheese - null
[2020-11-15T11:41:51.833] [DEBUG] cheese - login => username:123,password:123123
[2020-11-15T11:41:51.833] [DEBUG] cheese - 123
[2020-11-15T11:41:51.838] [DEBUG] cheese - null
[2020-11-15T11:41:51.838] [DEBUG] cheese - null
[2020-11-15T11:43:24.470] [DEBUG] cheese - login => username:123,password:123123
[2020-11-15T11:43:24.470] [DEBUG] cheese - 123
[2020-11-15T11:43:24.473] [DEBUG] cheese - null
[2020-11-15T11:43:24.473] [DEBUG] cheese - null
[2020-11-15T11:45:30.073] [DEBUG] cheese - login => username:123,password:123123
[2020-11-15T11:45:30.074] [DEBUG] cheese - 123
[2020-11-15T11:45:30.126] [DEBUG] cheese - null
[2020-11-15T11:45:30.126] [DEBUG] cheese - null
[2020-11-15T11:45:44.556] [DEBUG] cheese - login => username:123,password:123123
[2020-11-15T11:45:44.557] [DEBUG] cheese - 123
[2020-11-15T11:45:44.560] [DEBUG] cheese - null
[2020-11-15T11:45:44.560] [DEBUG] cheese - null
[2020-11-15T11:48:47.767] [DEBUG] cheese - login => username:123,password:1231231
[2020-11-15T11:48:47.767] [DEBUG] cheese - 123
[2020-11-15T11:48:47.771] [DEBUG] cheese - null
[2020-11-15T11:48:47.771] [DEBUG] cheese - null
[2020-11-15T11:48:54.163] [DEBUG] cheese - login => username:admin,password:123456
[2020-11-15T11:48:54.163] [DEBUG] cheese - admin
[2020-11-15T11:48:54.220] [DEBUG] cheese - null
[2020-11-15T11:48:54.220] [DEBUG] cheese - null
[2020-11-15T11:57:06.832] [DEBUG] cheese - login => username:123,password:1231231
[2020-11-15T11:57:06.832] [DEBUG] cheese - 123
[2020-11-15T11:57:06.836] [DEBUG] cheese - null
[2020-11-15T11:57:06.836] [DEBUG] cheese - null
[2020-11-15T11:57:13.683] [DEBUG] cheese - login => username:admin,password:123456
[2020-11-15T11:57:13.683] [DEBUG] cheese - admin
[2020-11-15T11:57:13.686] [DEBUG] cheese - null
[2020-11-15T11:57:13.686] [DEBUG] cheese - null
[2020-11-15T12:00:05.871] [DEBUG] cheese - login => username:admin,password:123456
[2020-11-15T12:00:05.872] [DEBUG] cheese - admin
[2020-11-15T12:00:05.876] [DEBUG] cheese - null
[2020-11-15T12:00:05.876] [DEBUG] cheese - null
[2020-11-15T12:07:42.575] [DEBUG] cheese - login => username:admin,password:123456
[2020-11-15T12:07:42.575] [DEBUG] cheese - admin
[2020-11-15T12:07:42.631] [DEBUG] cheese - null
[2020-11-15T12:07:42.631] [DEBUG] cheese - null
[2020-11-15T12:11:34.292] [DEBUG] cheese - login => username:admin,password:123456
[2020-11-15T12:11:34.292] [DEBUG] cheese - admin
[2020-11-15T12:11:34.300] [DEBUG] cheese - null
[2020-11-15T12:11:34.300] [DEBUG] cheese - null
[2020-11-15T12:11:40.834] [DEBUG] cheese - login => username:admin,password:123456
[2020-11-15T12:11:40.834] [DEBUG] cheese - admin
[2020-11-15T12:11:40.839] [DEBUG] cheese - null
[2020-11-15T12:11:40.839] [DEBUG] cheese - null
[2020-11-15T12:24:16.675] [DEBUG] cheese - login => username:admin,password:123456
[2020-11-15T12:24:16.675] [DEBUG] cheese - admin
[2020-11-15T12:24:16.688] [DEBUG] cheese - null
[2020-11-15T12:24:16.688] [DEBUG] cheese - null
[2020-11-15T12:24:18.522] [DEBUG] cheese - login => username:admin,password:123456
[2020-11-15T12:24:18.522] [DEBUG] cheese - admin
[2020-11-15T12:24:18.535] [DEBUG] cheese - null
[2020-11-15T12:24:18.535] [DEBUG] cheese - null
[2020-11-15T12:24:21.197] [DEBUG] cheese - login => username:admin,password:123456
[2020-11-15T12:24:21.197] [DEBUG] cheese - admin
[2020-11-15T12:24:21.200] [DEBUG] cheese - null
[2020-11-15T12:24:21.200] [DEBUG] cheese - null
[2020-11-15T20:09:47.781] [DEBUG] cheese - login => username:admin,password:123456
[2020-11-15T20:09:47.782] [DEBUG] cheese - admin
[2020-11-15T20:09:47.861] [DEBUG] cheese - null
[2020-11-15T20:09:47.862] [DEBUG] cheese - null
[2020-11-15T20:14:16.572] [DEBUG] cheese - login => username:admin,password:123456
[2020-11-15T20:14:16.572] [DEBUG] cheese - admin
[2020-11-15T20:14:16.576] [DEBUG] cheese - null
[2020-11-15T20:14:16.576] [DEBUG] cheese - null
[2020-11-15T20:18:21.185] [DEBUG] cheese - login => username:admin,password:123456
[2020-11-15T20:18:21.185] [DEBUG] cheese - admin
[2020-11-15T20:18:21.189] [DEBUG] cheese - null
[2020-11-15T20:18:21.189] [DEBUG] cheese - null
[2020-11-15T21:08:53.340] [DEBUG] cheese - login => username:admin,password:123456
[2020-11-15T21:08:53.340] [DEBUG] cheese - admin
[2020-11-15T21:08:53.417] [DEBUG] cheese - null
[2020-11-15T21:08:53.417] [DEBUG] cheese - null
[2020-11-15T21:12:10.015] [DEBUG] cheese - login => username:admin,password:123456
[2020-11-15T21:12:10.015] [DEBUG] cheese - admin
[2020-11-15T21:12:10.030] [DEBUG] cheese - null
[2020-11-15T21:12:10.031] [DEBUG] cheese - null
[2020-11-15T22:11:13.325] [DEBUG] cheese - login => username:admin,password:123456
[2020-11-15T22:11:13.326] [DEBUG] cheese - admin
[2020-11-15T22:11:13.335] [DEBUG] cheese - null
[2020-11-15T22:11:13.336] [DEBUG] cheese - null
[2020-11-15T22:43:26.207] [DEBUG] cheese - login => username:admin,password:123456
[2020-11-15T22:43:26.207] [DEBUG] cheese - admin
[2020-11-15T22:43:26.228] [DEBUG] cheese - null
[2020-11-15T22:43:26.228] [DEBUG] cheese - null
[2020-11-16T00:03:08.055] [DEBUG] cheese - login => username:admin,password:123456
[2020-11-16T00:03:08.057] [DEBUG] cheese - admin
[2020-11-16T00:03:08.101] [DEBUG] cheese - null
[2020-11-16T00:03:08.101] [DEBUG] cheese - null
[2020-11-16T10:18:23.669] [DEBUG] cheese - login => username:admin,password:123456
[2020-11-16T10:18:23.672] [DEBUG] cheese - admin
[2020-11-16T10:18:23.698] [DEBUG] cheese - null
[2020-11-16T10:18:23.699] [DEBUG] cheese - null
[2020-11-16T22:02:43.559] [DEBUG] cheese - login => username:admin,password:123456
[2020-11-16T22:02:43.560] [DEBUG] cheese - admin
[2020-11-16T22:02:43.654] [DEBUG] cheese - null
[2020-11-16T22:02:43.654] [DEBUG] cheese - null
[2020-11-16T22:26:01.127] [DEBUG] cheese - login => username:admin,password:123456
[2020-11-16T22:26:01.128] [DEBUG] cheese - admin
[2020-11-16T22:26:01.135] [DEBUG] cheese - null
[2020-11-16T22:26:01.136] [DEBUG] cheese - null
[2020-11-16T22:40:03.461] [DEBUG] cheese - login => username:admin,password:123456
[2020-11-16T22:40:03.471] [DEBUG] cheese - admin
[2020-11-16T22:40:03.474] [DEBUG] cheese - null
[2020-11-16T22:40:03.474] [DEBUG] cheese - null
[2020-11-16T23:41:28.742] [DEBUG] cheese - login => username:admin,password:123456
[2020-11-16T23:41:28.743] [DEBUG] cheese - admin
[2020-11-16T23:41:28.757] [DEBUG] cheese - null
[2020-11-16T23:41:28.758] [DEBUG] cheese - null
[2020-11-17T08:39:23.486] [DEBUG] cheese - login => username:admin,password:123456
[2020-11-17T08:39:23.487] [DEBUG] cheese - admin
[2020-11-17T08:39:23.574] [DEBUG] cheese - null
[2020-11-17T08:39:23.575] [DEBUG] cheese - null
[2020-11-17T09:07:45.461] [DEBUG] cheese - login => username:admin,password:123456
[2020-11-17T09:07:45.461] [DEBUG] cheese - admin
[2020-11-17T09:07:45.464] [DEBUG] cheese - null
[2020-11-17T09:07:45.464] [DEBUG] cheese - null
[2020-11-17T09:12:30.877] [DEBUG] cheese - login => username:admin,password:123456
[2020-11-17T09:12:30.877] [DEBUG] cheese - admin
[2020-11-17T09:12:30.880] [DEBUG] cheese - null
[2020-11-17T09:12:30.880] [DEBUG] cheese - null
[2020-11-17T09:12:38.123] [DEBUG] cheese - login => username:admin,password:123456
[2020-11-17T09:12:38.123] [DEBUG] cheese - admin
[2020-11-17T09:12:38.128] [DEBUG] cheese - null
[2020-11-17T09:12:38.128] [DEBUG] cheese - null
[2020-11-18T23:56:32.777] [DEBUG] cheese - login => username:admin,password:123456
[2020-11-18T23:56:32.779] [DEBUG] cheese - admin
[2020-11-18T23:56:32.964] [DEBUG] cheese - null
[2020-11-18T23:56:32.965] [DEBUG] cheese - null
[2020-11-22T12:09:32.664] [DEBUG] cheese - login => username:admin,password:123456
[2020-11-22T12:09:32.666] [DEBUG] cheese - admin
[2020-11-22T12:09:32.724] [DEBUG] cheese - null
[2020-11-22T12:09:32.725] [DEBUG] cheese - null
[2020-11-22T12:25:12.118] [DEBUG] cheese - login => username:admin,password:123456
[2020-11-22T12:25:12.118] [DEBUG] cheese - admin
[2020-11-22T12:25:12.122] [DEBUG] cheese - null
[2020-11-22T12:25:12.122] [DEBUG] cheese - null
